<?xml version="1.0" encoding="UTF-8"?>
<testsuite xmlns:xsi="http://www.w3.org/2001/XMLSchema-instance" xsi:noNamespaceSchemaLocation="https://maven.apache.org/surefire/maven-surefire-plugin/xsd/surefire-test-report-3.0.xsd" version="3.0" name="com.maven.shop.RunCucumberTest" time="71.472" tests="1" errors="0" skipped="0" failures="0">
  <properties>
    <property name="java.specification.version" value="17"/>
    <property name="sun.jnu.encoding" value="UTF-8"/>
    <property name="java.class.path" value="/Users/lourdestssantiago/NetBeansProjects/my-cucum-project/target/test-classes:/Users/lourdestssantiago/NetBeansProjects/my-cucum-project/target/classes:/Users/lourdestssantiago/.m2/repository/org/seleniumhq/selenium/selenium-java/2.44.0/selenium-java-2.44.0.jar:/Users/lourdestssantiago/.m2/repository/org/seleniumhq/selenium/selenium-chrome-driver/2.44.0/selenium-chrome-driver-2.44.0.jar:/Users/lourdestssantiago/.m2/repository/org/seleniumhq/selenium/selenium-htmlunit-driver/2.44.0/selenium-htmlunit-driver-2.44.0.jar:/Users/lourdestssantiago/.m2/repository/net/sourceforge/htmlunit/htmlunit/2.15/htmlunit-2.15.jar:/Users/lourdestssantiago/.m2/repository/xalan/xalan/2.7.1/xalan-2.7.1.jar:/Users/lourdestssantiago/.m2/repository/xalan/serializer/2.7.1/serializer-2.7.1.jar:/Users/lourdestssantiago/.m2/repository/commons-collections/commons-collections/3.2.1/commons-collections-3.2.1.jar:/Users/lourdestssantiago/.m2/repository/org/apache/commons/commons-lang3/3.3.2/commons-lang3-3.3.2.jar:/Users/lourdestssantiago/.m2/repository/org/apache/httpcomponents/httpmime/4.3.3/httpmime-4.3.3.jar:/Users/lourdestssantiago/.m2/repository/net/sourceforge/htmlunit/htmlunit-core-js/2.15/htmlunit-core-js-2.15.jar:/Users/lourdestssantiago/.m2/repository/xerces/xercesImpl/2.11.0/xercesImpl-2.11.0.jar:/Users/lourdestssantiago/.m2/repository/xml-apis/xml-apis/1.4.01/xml-apis-1.4.01.jar:/Users/lourdestssantiago/.m2/repository/net/sourceforge/nekohtml/nekohtml/1.9.21/nekohtml-1.9.21.jar:/Users/lourdestssantiago/.m2/repository/net/sourceforge/cssparser/cssparser/0.9.14/cssparser-0.9.14.jar:/Users/lourdestssantiago/.m2/repository/org/w3c/css/sac/1.3/sac-1.3.jar:/Users/lourdestssantiago/.m2/repository/commons-logging/commons-logging/1.1.3/commons-logging-1.1.3.jar:/Users/lourdestssantiago/.m2/repository/org/eclipse/jetty/jetty-websocket/8.1.15.v20140411/jetty-websocket-8.1.15.v20140411.jar:/Users/lourdestssantiago/.m2/repository/org/eclipse/jetty/jetty-util/8.1.15.v20140411/jetty-util-8.1.15.v20140411.jar:/Users/lourdestssantiago/.m2/repository/org/eclipse/jetty/jetty-io/8.1.15.v20140411/jetty-io-8.1.15.v20140411.jar:/Users/lourdestssantiago/.m2/repository/org/eclipse/jetty/jetty-http/8.1.15.v20140411/jetty-http-8.1.15.v20140411.jar:/Users/lourdestssantiago/.m2/repository/org/apache/httpcomponents/httpclient/4.3.4/httpclient-4.3.4.jar:/Users/lourdestssantiago/.m2/repository/org/apache/httpcomponents/httpcore/4.3.2/httpcore-4.3.2.jar:/Users/lourdestssantiago/.m2/repository/org/seleniumhq/selenium/selenium-ie-driver/2.44.0/selenium-ie-driver-2.44.0.jar:/Users/lourdestssantiago/.m2/repository/net/java/dev/jna/jna/3.4.0/jna-3.4.0.jar:/Users/lourdestssantiago/.m2/repository/net/java/dev/jna/platform/3.4.0/platform-3.4.0.jar:/Users/lourdestssantiago/.m2/repository/org/seleniumhq/selenium/selenium-safari-driver/2.44.0/selenium-safari-driver-2.44.0.jar:/Users/lourdestssantiago/.m2/repository/org/webbitserver/webbit/0.4.14/webbit-0.4.14.jar:/Users/lourdestssantiago/.m2/repository/io/netty/netty/3.5.2.Final/netty-3.5.2.Final.jar:/Users/lourdestssantiago/.m2/repository/org/seleniumhq/selenium/selenium-api/2.44.0/selenium-api-2.44.0.jar:/Users/lourdestssantiago/.m2/repository/com/google/code/gson/gson/2.3/gson-2.3.jar:/Users/lourdestssantiago/.m2/repository/org/seleniumhq/selenium/selenium-firefox-driver/2.44.0/selenium-firefox-driver-2.44.0.jar:/Users/lourdestssantiago/.m2/repository/org/seleniumhq/selenium/selenium-remote-driver/2.44.0/selenium-remote-driver-2.44.0.jar:/Users/lourdestssantiago/.m2/repository/cglib/cglib-nodep/2.1_3/cglib-nodep-2.1_3.jar:/Users/lourdestssantiago/.m2/repository/org/apache/commons/commons-exec/1.1/commons-exec-1.1.jar:/Users/lourdestssantiago/.m2/repository/com/google/guava/guava/22.0/guava-22.0.jar:/Users/lourdestssantiago/.m2/repository/com/google/code/findbugs/jsr305/1.3.9/jsr305-1.3.9.jar:/Users/lourdestssantiago/.m2/repository/com/google/errorprone/error_prone_annotations/2.0.18/error_prone_annotations-2.0.18.jar:/Users/lourdestssantiago/.m2/repository/com/google/j2objc/j2objc-annotations/1.1/j2objc-annotations-1.1.jar:/Users/lourdestssantiago/.m2/repository/org/codehaus/mojo/animal-sniffer-annotations/1.14/animal-sniffer-annotations-1.14.jar:/Users/lourdestssantiago/.m2/repository/org/seleniumhq/selenium/selenium-support/2.44.0/selenium-support-2.44.0.jar:/Users/lourdestssantiago/.m2/repository/io/cucumber/cucumber-java/7.18.1/cucumber-java-7.18.1.jar:/Users/lourdestssantiago/.m2/repository/io/cucumber/cucumber-core/7.18.1/cucumber-core-7.18.1.jar:/Users/lourdestssantiago/.m2/repository/io/cucumber/cucumber-gherkin/7.18.1/cucumber-gherkin-7.18.1.jar:/Users/lourdestssantiago/.m2/repository/io/cucumber/cucumber-gherkin-messages/7.18.1/cucumber-gherkin-messages-7.18.1.jar:/Users/lourdestssantiago/.m2/repository/io/cucumber/gherkin/28.0.0/gherkin-28.0.0.jar:/Users/lourdestssantiago/.m2/repository/io/cucumber/messages/24.1.0/messages-24.1.0.jar:/Users/lourdestssantiago/.m2/repository/io/cucumber/testng-xml-formatter/0.2.0/testng-xml-formatter-0.2.0.jar:/Users/lourdestssantiago/.m2/repository/io/cucumber/query/12.2.0/query-12.2.0.jar:/Users/lourdestssantiago/.m2/repository/io/cucumber/tag-expressions/6.1.0/tag-expressions-6.1.0.jar:/Users/lourdestssantiago/.m2/repository/io/cucumber/cucumber-expressions/17.1.0/cucumber-expressions-17.1.0.jar:/Users/lourdestssantiago/.m2/repository/io/cucumber/datatable/7.18.1/datatable-7.18.1.jar:/Users/lourdestssantiago/.m2/repository/io/cucumber/cucumber-plugin/7.18.1/cucumber-plugin-7.18.1.jar:/Users/lourdestssantiago/.m2/repository/io/cucumber/docstring/7.18.1/docstring-7.18.1.jar:/Users/lourdestssantiago/.m2/repository/io/cucumber/html-formatter/21.4.1/html-formatter-21.4.1.jar:/Users/lourdestssantiago/.m2/repository/io/cucumber/junit-xml-formatter/0.5.0/junit-xml-formatter-0.5.0.jar:/Users/lourdestssantiago/.m2/repository/io/cucumber/ci-environment/10.0.1/ci-environment-10.0.1.jar:/Users/lourdestssantiago/.m2/repository/org/apiguardian/apiguardian-api/1.1.2/apiguardian-api-1.1.2.jar:/Users/lourdestssantiago/.m2/repository/io/cucumber/cucumber-junit/7.18.1/cucumber-junit-7.18.1.jar:/Users/lourdestssantiago/.m2/repository/junit/junit/4.13.2/junit-4.13.2.jar:/Users/lourdestssantiago/.m2/repository/org/hamcrest/hamcrest-core/1.3/hamcrest-core-1.3.jar:/Users/lourdestssantiago/.m2/repository/org/junit/jupiter/junit-jupiter-api/5.9.1/junit-jupiter-api-5.9.1.jar:/Users/lourdestssantiago/.m2/repository/org/opentest4j/opentest4j/1.2.0/opentest4j-1.2.0.jar:/Users/lourdestssantiago/.m2/repository/org/junit/platform/junit-platform-commons/1.9.1/junit-platform-commons-1.9.1.jar:/Users/lourdestssantiago/.m2/repository/org/junit/jupiter/junit-jupiter-engine/5.9.1/junit-jupiter-engine-5.9.1.jar:/Users/lourdestssantiago/.m2/repository/org/junit/platform/junit-platform-engine/1.9.1/junit-platform-engine-1.9.1.jar:/Users/lourdestssantiago/.m2/repository/io/cucumber/cucumber-junit-platform-engine/7.11.0/cucumber-junit-platform-engine-7.11.0.jar:/Users/lourdestssantiago/.m2/repository/org/junit/platform/junit-platform-suite/1.9.1/junit-platform-suite-1.9.1.jar:/Users/lourdestssantiago/.m2/repository/org/junit/platform/junit-platform-suite-api/1.9.1/junit-platform-suite-api-1.9.1.jar:/Users/lourdestssantiago/.m2/repository/org/junit/platform/junit-platform-suite-engine/1.9.1/junit-platform-suite-engine-1.9.1.jar:/Users/lourdestssantiago/.m2/repository/org/junit/platform/junit-platform-suite-commons/1.9.1/junit-platform-suite-commons-1.9.1.jar:/Users/lourdestssantiago/.m2/repository/org/junit/platform/junit-platform-launcher/1.9.1/junit-platform-launcher-1.9.1.jar:/Users/lourdestssantiago/.m2/repository/org/junit/jupiter/junit-jupiter/5.9.1/junit-jupiter-5.9.1.jar:/Users/lourdestssantiago/.m2/repository/org/junit/jupiter/junit-jupiter-params/5.9.1/junit-jupiter-params-5.9.1.jar:/Users/lourdestssantiago/.m2/repository/org/apache/poi/poi/5.2.3/poi-5.2.3.jar:/Users/lourdestssantiago/.m2/repository/commons-codec/commons-codec/1.15/commons-codec-1.15.jar:/Users/lourdestssantiago/.m2/repository/org/apache/commons/commons-collections4/4.4/commons-collections4-4.4.jar:/Users/lourdestssantiago/.m2/repository/org/apache/commons/commons-math3/3.6.1/commons-math3-3.6.1.jar:/Users/lourdestssantiago/.m2/repository/com/zaxxer/SparseBitSet/1.2/SparseBitSet-1.2.jar:/Users/lourdestssantiago/.m2/repository/org/apache/logging/log4j/log4j-api/2.18.0/log4j-api-2.18.0.jar:/Users/lourdestssantiago/.m2/repository/org/apache/poi/poi-ooxml/5.2.3/poi-ooxml-5.2.3.jar:/Users/lourdestssantiago/.m2/repository/org/apache/poi/poi-ooxml-lite/5.2.3/poi-ooxml-lite-5.2.3.jar:/Users/lourdestssantiago/.m2/repository/org/apache/xmlbeans/xmlbeans/5.1.1/xmlbeans-5.1.1.jar:/Users/lourdestssantiago/.m2/repository/org/apache/commons/commons-compress/1.21/commons-compress-1.21.jar:/Users/lourdestssantiago/.m2/repository/com/github/virtuald/curvesapi/1.07/curvesapi-1.07.jar:/Users/lourdestssantiago/.m2/repository/commons-io/commons-io/2.11.0/commons-io-2.11.0.jar:"/>
    <property name="java.vm.vendor" value="Oracle Corporation"/>
    <property name="sun.arch.data.model" value="64"/>
    <property name="java.vendor.url" value="https://java.oracle.com/"/>
    <property name="user.timezone" value="Europe/London"/>
    <property name="os.name" value="Mac OS X"/>
    <property name="java.vm.specification.version" value="17"/>
    <property name="user.country" value="GB"/>
    <property name="sun.java.launcher" value="SUN_STANDARD"/>
    <property name="sun.boot.library.path" value="/Library/Java/JavaVirtualMachines/jdk-17.0.1.jdk/Contents/Home/lib"/>
    <property name="sun.java.command" value="/Users/lourdestssantiago/NetBeansProjects/my-cucum-project/target/surefire/surefirebooter-20241106201308783_3.jar /Users/lourdestssantiago/NetBeansProjects/my-cucum-project/target/surefire 2024-11-06T20-13-08_673-jvmRun1 surefire-20241106201308783_1tmp surefire_0-20241106201308783_2tmp"/>
    <property name="http.nonProxyHosts" value="local|*.local|169.254/16|*.169.254/16"/>
    <property name="jdk.debug" value="release"/>
    <property name="surefire.test.class.path" value="/Users/lourdestssantiago/NetBeansProjects/my-cucum-project/target/test-classes:/Users/lourdestssantiago/NetBeansProjects/my-cucum-project/target/classes:/Users/lourdestssantiago/.m2/repository/org/seleniumhq/selenium/selenium-java/2.44.0/selenium-java-2.44.0.jar:/Users/lourdestssantiago/.m2/repository/org/seleniumhq/selenium/selenium-chrome-driver/2.44.0/selenium-chrome-driver-2.44.0.jar:/Users/lourdestssantiago/.m2/repository/org/seleniumhq/selenium/selenium-htmlunit-driver/2.44.0/selenium-htmlunit-driver-2.44.0.jar:/Users/lourdestssantiago/.m2/repository/net/sourceforge/htmlunit/htmlunit/2.15/htmlunit-2.15.jar:/Users/lourdestssantiago/.m2/repository/xalan/xalan/2.7.1/xalan-2.7.1.jar:/Users/lourdestssantiago/.m2/repository/xalan/serializer/2.7.1/serializer-2.7.1.jar:/Users/lourdestssantiago/.m2/repository/commons-collections/commons-collections/3.2.1/commons-collections-3.2.1.jar:/Users/lourdestssantiago/.m2/repository/org/apache/commons/commons-lang3/3.3.2/commons-lang3-3.3.2.jar:/Users/lourdestssantiago/.m2/repository/org/apache/httpcomponents/httpmime/4.3.3/httpmime-4.3.3.jar:/Users/lourdestssantiago/.m2/repository/net/sourceforge/htmlunit/htmlunit-core-js/2.15/htmlunit-core-js-2.15.jar:/Users/lourdestssantiago/.m2/repository/xerces/xercesImpl/2.11.0/xercesImpl-2.11.0.jar:/Users/lourdestssantiago/.m2/repository/xml-apis/xml-apis/1.4.01/xml-apis-1.4.01.jar:/Users/lourdestssantiago/.m2/repository/net/sourceforge/nekohtml/nekohtml/1.9.21/nekohtml-1.9.21.jar:/Users/lourdestssantiago/.m2/repository/net/sourceforge/cssparser/cssparser/0.9.14/cssparser-0.9.14.jar:/Users/lourdestssantiago/.m2/repository/org/w3c/css/sac/1.3/sac-1.3.jar:/Users/lourdestssantiago/.m2/repository/commons-logging/commons-logging/1.1.3/commons-logging-1.1.3.jar:/Users/lourdestssantiago/.m2/repository/org/eclipse/jetty/jetty-websocket/8.1.15.v20140411/jetty-websocket-8.1.15.v20140411.jar:/Users/lourdestssantiago/.m2/repository/org/eclipse/jetty/jetty-util/8.1.15.v20140411/jetty-util-8.1.15.v20140411.jar:/Users/lourdestssantiago/.m2/repository/org/eclipse/jetty/jetty-io/8.1.15.v20140411/jetty-io-8.1.15.v20140411.jar:/Users/lourdestssantiago/.m2/repository/org/eclipse/jetty/jetty-http/8.1.15.v20140411/jetty-http-8.1.15.v20140411.jar:/Users/lourdestssantiago/.m2/repository/org/apache/httpcomponents/httpclient/4.3.4/httpclient-4.3.4.jar:/Users/lourdestssantiago/.m2/repository/org/apache/httpcomponents/httpcore/4.3.2/httpcore-4.3.2.jar:/Users/lourdestssantiago/.m2/repository/org/seleniumhq/selenium/selenium-ie-driver/2.44.0/selenium-ie-driver-2.44.0.jar:/Users/lourdestssantiago/.m2/repository/net/java/dev/jna/jna/3.4.0/jna-3.4.0.jar:/Users/lourdestssantiago/.m2/repository/net/java/dev/jna/platform/3.4.0/platform-3.4.0.jar:/Users/lourdestssantiago/.m2/repository/org/seleniumhq/selenium/selenium-safari-driver/2.44.0/selenium-safari-driver-2.44.0.jar:/Users/lourdestssantiago/.m2/repository/org/webbitserver/webbit/0.4.14/webbit-0.4.14.jar:/Users/lourdestssantiago/.m2/repository/io/netty/netty/3.5.2.Final/netty-3.5.2.Final.jar:/Users/lourdestssantiago/.m2/repository/org/seleniumhq/selenium/selenium-api/2.44.0/selenium-api-2.44.0.jar:/Users/lourdestssantiago/.m2/repository/com/google/code/gson/gson/2.3/gson-2.3.jar:/Users/lourdestssantiago/.m2/repository/org/seleniumhq/selenium/selenium-firefox-driver/2.44.0/selenium-firefox-driver-2.44.0.jar:/Users/lourdestssantiago/.m2/repository/org/seleniumhq/selenium/selenium-remote-driver/2.44.0/selenium-remote-driver-2.44.0.jar:/Users/lourdestssantiago/.m2/repository/cglib/cglib-nodep/2.1_3/cglib-nodep-2.1_3.jar:/Users/lourdestssantiago/.m2/repository/org/apache/commons/commons-exec/1.1/commons-exec-1.1.jar:/Users/lourdestssantiago/.m2/repository/com/google/guava/guava/22.0/guava-22.0.jar:/Users/lourdestssantiago/.m2/repository/com/google/code/findbugs/jsr305/1.3.9/jsr305-1.3.9.jar:/Users/lourdestssantiago/.m2/repository/com/google/errorprone/error_prone_annotations/2.0.18/error_prone_annotations-2.0.18.jar:/Users/lourdestssantiago/.m2/repository/com/google/j2objc/j2objc-annotations/1.1/j2objc-annotations-1.1.jar:/Users/lourdestssantiago/.m2/repository/org/codehaus/mojo/animal-sniffer-annotations/1.14/animal-sniffer-annotations-1.14.jar:/Users/lourdestssantiago/.m2/repository/org/seleniumhq/selenium/selenium-support/2.44.0/selenium-support-2.44.0.jar:/Users/lourdestssantiago/.m2/repository/io/cucumber/cucumber-java/7.18.1/cucumber-java-7.18.1.jar:/Users/lourdestssantiago/.m2/repository/io/cucumber/cucumber-core/7.18.1/cucumber-core-7.18.1.jar:/Users/lourdestssantiago/.m2/repository/io/cucumber/cucumber-gherkin/7.18.1/cucumber-gherkin-7.18.1.jar:/Users/lourdestssantiago/.m2/repository/io/cucumber/cucumber-gherkin-messages/7.18.1/cucumber-gherkin-messages-7.18.1.jar:/Users/lourdestssantiago/.m2/repository/io/cucumber/gherkin/28.0.0/gherkin-28.0.0.jar:/Users/lourdestssantiago/.m2/repository/io/cucumber/messages/24.1.0/messages-24.1.0.jar:/Users/lourdestssantiago/.m2/repository/io/cucumber/testng-xml-formatter/0.2.0/testng-xml-formatter-0.2.0.jar:/Users/lourdestssantiago/.m2/repository/io/cucumber/query/12.2.0/query-12.2.0.jar:/Users/lourdestssantiago/.m2/repository/io/cucumber/tag-expressions/6.1.0/tag-expressions-6.1.0.jar:/Users/lourdestssantiago/.m2/repository/io/cucumber/cucumber-expressions/17.1.0/cucumber-expressions-17.1.0.jar:/Users/lourdestssantiago/.m2/repository/io/cucumber/datatable/7.18.1/datatable-7.18.1.jar:/Users/lourdestssantiago/.m2/repository/io/cucumber/cucumber-plugin/7.18.1/cucumber-plugin-7.18.1.jar:/Users/lourdestssantiago/.m2/repository/io/cucumber/docstring/7.18.1/docstring-7.18.1.jar:/Users/lourdestssantiago/.m2/repository/io/cucumber/html-formatter/21.4.1/html-formatter-21.4.1.jar:/Users/lourdestssantiago/.m2/repository/io/cucumber/junit-xml-formatter/0.5.0/junit-xml-formatter-0.5.0.jar:/Users/lourdestssantiago/.m2/repository/io/cucumber/ci-environment/10.0.1/ci-environment-10.0.1.jar:/Users/lourdestssantiago/.m2/repository/org/apiguardian/apiguardian-api/1.1.2/apiguardian-api-1.1.2.jar:/Users/lourdestssantiago/.m2/repository/io/cucumber/cucumber-junit/7.18.1/cucumber-junit-7.18.1.jar:/Users/lourdestssantiago/.m2/repository/junit/junit/4.13.2/junit-4.13.2.jar:/Users/lourdestssantiago/.m2/repository/org/hamcrest/hamcrest-core/1.3/hamcrest-core-1.3.jar:/Users/lourdestssantiago/.m2/repository/org/junit/jupiter/junit-jupiter-api/5.9.1/junit-jupiter-api-5.9.1.jar:/Users/lourdestssantiago/.m2/repository/org/opentest4j/opentest4j/1.2.0/opentest4j-1.2.0.jar:/Users/lourdestssantiago/.m2/repository/org/junit/platform/junit-platform-commons/1.9.1/junit-platform-commons-1.9.1.jar:/Users/lourdestssantiago/.m2/repository/org/junit/jupiter/junit-jupiter-engine/5.9.1/junit-jupiter-engine-5.9.1.jar:/Users/lourdestssantiago/.m2/repository/org/junit/platform/junit-platform-engine/1.9.1/junit-platform-engine-1.9.1.jar:/Users/lourdestssantiago/.m2/repository/io/cucumber/cucumber-junit-platform-engine/7.11.0/cucumber-junit-platform-engine-7.11.0.jar:/Users/lourdestssantiago/.m2/repository/org/junit/platform/junit-platform-suite/1.9.1/junit-platform-suite-1.9.1.jar:/Users/lourdestssantiago/.m2/repository/org/junit/platform/junit-platform-suite-api/1.9.1/junit-platform-suite-api-1.9.1.jar:/Users/lourdestssantiago/.m2/repository/org/junit/platform/junit-platform-suite-engine/1.9.1/junit-platform-suite-engine-1.9.1.jar:/Users/lourdestssantiago/.m2/repository/org/junit/platform/junit-platform-suite-commons/1.9.1/junit-platform-suite-commons-1.9.1.jar:/Users/lourdestssantiago/.m2/repository/org/junit/platform/junit-platform-launcher/1.9.1/junit-platform-launcher-1.9.1.jar:/Users/lourdestssantiago/.m2/repository/org/junit/jupiter/junit-jupiter/5.9.1/junit-jupiter-5.9.1.jar:/Users/lourdestssantiago/.m2/repository/org/junit/jupiter/junit-jupiter-params/5.9.1/junit-jupiter-params-5.9.1.jar:/Users/lourdestssantiago/.m2/repository/org/apache/poi/poi/5.2.3/poi-5.2.3.jar:/Users/lourdestssantiago/.m2/repository/commons-codec/commons-codec/1.15/commons-codec-1.15.jar:/Users/lourdestssantiago/.m2/repository/org/apache/commons/commons-collections4/4.4/commons-collections4-4.4.jar:/Users/lourdestssantiago/.m2/repository/org/apache/commons/commons-math3/3.6.1/commons-math3-3.6.1.jar:/Users/lourdestssantiago/.m2/repository/com/zaxxer/SparseBitSet/1.2/SparseBitSet-1.2.jar:/Users/lourdestssantiago/.m2/repository/org/apache/logging/log4j/log4j-api/2.18.0/log4j-api-2.18.0.jar:/Users/lourdestssantiago/.m2/repository/org/apache/poi/poi-ooxml/5.2.3/poi-ooxml-5.2.3.jar:/Users/lourdestssantiago/.m2/repository/org/apache/poi/poi-ooxml-lite/5.2.3/poi-ooxml-lite-5.2.3.jar:/Users/lourdestssantiago/.m2/repository/org/apache/xmlbeans/xmlbeans/5.1.1/xmlbeans-5.1.1.jar:/Users/lourdestssantiago/.m2/repository/org/apache/commons/commons-compress/1.21/commons-compress-1.21.jar:/Users/lourdestssantiago/.m2/repository/com/github/virtuald/curvesapi/1.07/curvesapi-1.07.jar:/Users/lourdestssantiago/.m2/repository/commons-io/commons-io/2.11.0/commons-io-2.11.0.jar:"/>
    <property name="sun.cpu.endian" value="little"/>
    <property name="user.home" value="/Users/lourdestssantiago"/>
    <property name="user.language" value="en"/>
    <property name="java.specification.vendor" value="Oracle Corporation"/>
    <property name="java.version.date" value="2021-10-19"/>
    <property name="java.home" value="/Library/Java/JavaVirtualMachines/jdk-17.0.1.jdk/Contents/Home"/>
    <property name="file.separator" value="/"/>
    <property name="basedir" value="/Users/lourdestssantiago/NetBeansProjects/my-cucum-project"/>
    <property name="java.vm.compressedOopsMode" value="Zero based"/>
    <property name="line.separator" value="&#10;"/>
    <property name="java.vm.specification.vendor" value="Oracle Corporation"/>
    <property name="java.specification.name" value="Java Platform API Specification"/>
    <property name="surefire.real.class.path" value="/Users/lourdestssantiago/NetBeansProjects/my-cucum-project/target/surefire/surefirebooter-20241106201308783_3.jar"/>
    <property name="sun.management.compiler" value="HotSpot 64-Bit Tiered Compilers"/>
    <property name="ftp.nonProxyHosts" value="local|*.local|169.254/16|*.169.254/16"/>
    <property name="java.runtime.version" value="17.0.1+12-LTS-39"/>
    <property name="user.name" value="lourdestssantiago"/>
    <property name="path.separator" value=":"/>
    <property name="os.version" value="14.5"/>
    <property name="java.runtime.name" value="Java(TM) SE Runtime Environment"/>
    <property name="file.encoding" value="UTF-8"/>
    <property name="java.vm.name" value="Java HotSpot(TM) 64-Bit Server VM"/>
    <property name="maven.ext.class.path" value="/Applications/NetBeans/Apache NetBeans 12.5.app/Contents/Resources/NetBeans/netbeans/java/maven-nblib/netbeans-eventspy.jar"/>
    <property name="localRepository" value="/Users/lourdestssantiago/.m2/repository"/>
    <property name="java.vendor.url.bug" value="https://bugreport.java.com/bugreport/"/>
    <property name="java.io.tmpdir" value="/var/folders/tl/6twg2tz902b_x4p7gr5ly2hc0000gn/T/"/>
    <property name="java.version" value="17.0.1"/>
    <property name="user.dir" value="/Users/lourdestssantiago/NetBeansProjects/my-cucum-project"/>
    <property name="os.arch" value="aarch64"/>
    <property name="java.vm.specification.name" value="Java Virtual Machine Specification"/>
    <property name="native.encoding" value="UTF-8"/>
    <property name="java.library.path" value="/Users/lourdestssantiago/Library/Java/Extensions:/Library/Java/Extensions:/Network/Library/Java/Extensions:/System/Library/Java/Extensions:/usr/lib/java:."/>
    <property name="java.vm.info" value="mixed mode, sharing"/>
    <property name="java.vendor" value="Oracle Corporation"/>
    <property name="java.vm.version" value="17.0.1+12-LTS-39"/>
    <property name="sun.io.unicode.encoding" value="UnicodeBig"/>
    <property name="socksNonProxyHosts" value="local|*.local|169.254/16|*.169.254/16"/>
    <property name="java.class.version" value="61.0"/>
  </properties>
  <testcase name="Add items to cart and complete checkout" classname="Shopping Cart" time="71.429">
    <system-out><![CDATA[Href is: https://shop.polymer-project.org/list/mens_outerwear
Element selected . Green Flex Fleece Zip Hoodie
Element selectedXL
Element selected4
Element selected Add toCart
Element selected View Cart
Item Green Flex Fleece Zip Hoodie with Size XL and Quantity 4 was found in the cart.true
Href is: https://shop.polymer-project.org/list/ladies_outerwear
Element selected . Ladies Voyage Fleece Jacket
Element selectedXS
Element selected3
Element selected Add toCart
Element selected View Cart
$45.65 and XL are present in the map.
$48.00 and XS are present in the map.
Confirmed the size and price are correct with the one selected
Total in Cart 326.6
Total sum of items:326.6
Confirmed total
Item Green Flex Fleece Zip Hoodie with Size XL and Quantity 4 was found in the cart.true
Item Ladies Voyage Fleece Jacket with Size XS and Quantity 3 was found in the cart.true
Element option Changed
Total in Cart 518.6
Total sum of items:518.6
Confirmed New total
]]></system-out>
    <system-err><![CDATA[Nov 06, 2024 8:13:09 PM io.cucumber.junit.platform.engine.DiscoverySelectorResolver warnWhenCucumberFeaturesPropertyIsUsed
WARNING: Discovering tests using the cucumber.features property. Other discovery selectors are ignored!
Please request/upvote/sponsor/ect better support for JUnit 5 discovery selectors.
See: https://github.com/cucumber/cucumber-jvm/pull/2498
Starting ChromeDriver 130.0.6723.91 (53ac076783696778ecc8f360ea31765c29c240ad-refs/branch-heads/6723@{#1517}) on port 19459
Only local connections are allowed.
Please see https://chromedriver.chromium.org/security-considerations for suggestions on keeping ChromeDriver safe.
ChromeDriver was started successfully on port 19459.
ERROR StatusLogger Log4j2 could not find a logging implementation. Please add log4j-core to the classpath. Using SimpleLogger to log to the console...
]]></system-err>
  </testcase>
</testsuite>